[0.087s] DEBUG:colcon:Command line arguments: ['/usr/bin/colcon', 'build']
[0.087s] DEBUG:colcon:Parsed command line arguments: Namespace(log_base=None, log_level=None, verb_name='build', build_base='build', install_base='install', merge_install=False, symlink_install=False, test_result_base=None, continue_on_error=False, executor='parallel', parallel_workers=20, event_handlers=None, ignore_user_meta=False, metas=['./colcon.meta'], base_paths=['.'], packages_ignore=None, packages_ignore_regex=None, paths=None, packages_up_to=None, packages_up_to_regex=None, packages_above=None, packages_above_and_dependencies=None, packages_above_depth=None, packages_select_by_dep=None, packages_skip_by_dep=None, packages_skip_up_to=None, packages_select_build_failed=False, packages_skip_build_finished=False, packages_select_test_failures=False, packages_skip_test_passed=False, packages_select=None, packages_skip=None, packages_select_regex=None, packages_skip_regex=None, packages_start=None, packages_end=None, allow_overriding=[], cmake_args=None, cmake_target=None, cmake_target_skip_unavailable=False, cmake_clean_cache=False, cmake_clean_first=False, cmake_force_configure=False, ament_cmake_args=None, catkin_cmake_args=None, catkin_skip_building_tests=False, verb_parser=<colcon_defaults.argument_parser.defaults.DefaultArgumentsDecorator object at 0x703b9f727130>, verb_extension=<colcon_core.verb.build.BuildVerb object at 0x703b9f8d4a90>, main=<bound method BuildVerb.main of <colcon_core.verb.build.BuildVerb object at 0x703b9f8d4a90>>)
[0.236s] Level 1:colcon.colcon_core.package_discovery:discover_packages(colcon_meta) check parameters
[0.236s] Level 1:colcon.colcon_core.package_discovery:discover_packages(recursive) check parameters
[0.236s] Level 1:colcon.colcon_core.package_discovery:discover_packages(ignore) check parameters
[0.236s] Level 1:colcon.colcon_core.package_discovery:discover_packages(path) check parameters
[0.236s] Level 1:colcon.colcon_core.package_discovery:discover_packages(colcon_meta) discover
[0.236s] Level 1:colcon.colcon_core.package_discovery:discover_packages(recursive) discover
[0.236s] INFO:colcon.colcon_core.package_discovery:Crawling recursively for packages in '/home/jmx001/my_program/my_robot_project'
[0.236s] Level 1:colcon.colcon_core.package_identification:_identify(.) by extensions ['ignore', 'ignore_ament_install']
[0.236s] Level 1:colcon.colcon_core.package_identification:_identify(.) by extension 'ignore'
[0.236s] Level 1:colcon.colcon_core.package_identification:_identify(.) by extension 'ignore_ament_install'
[0.236s] Level 1:colcon.colcon_core.package_identification:_identify(.) by extensions ['colcon_pkg']
[0.236s] Level 1:colcon.colcon_core.package_identification:_identify(.) by extension 'colcon_pkg'
[0.236s] Level 1:colcon.colcon_core.package_identification:_identify(.) by extensions ['colcon_meta']
[0.236s] Level 1:colcon.colcon_core.package_identification:_identify(.) by extension 'colcon_meta'
[0.236s] Level 1:colcon.colcon_core.package_identification:_identify(.) by extensions ['ros']
[0.236s] Level 1:colcon.colcon_core.package_identification:_identify(.) by extension 'ros'
[0.244s] Level 1:colcon.colcon_core.package_identification:_identify(.) by extensions ['cmake', 'python']
[0.244s] Level 1:colcon.colcon_core.package_identification:_identify(.) by extension 'cmake'
[0.244s] Level 1:colcon.colcon_core.package_identification:_identify(.) by extension 'python'
[0.244s] Level 1:colcon.colcon_core.package_identification:_identify(.) by extensions ['python_setup_py']
[0.244s] Level 1:colcon.colcon_core.package_identification:_identify(.) by extension 'python_setup_py'
[0.244s] Level 1:colcon.colcon_core.package_identification:_identify(assets) by extensions ['ignore', 'ignore_ament_install']
[0.244s] Level 1:colcon.colcon_core.package_identification:_identify(assets) by extension 'ignore'
[0.244s] Level 1:colcon.colcon_core.package_identification:_identify(assets) by extension 'ignore_ament_install'
[0.244s] Level 1:colcon.colcon_core.package_identification:_identify(assets) by extensions ['colcon_pkg']
[0.244s] Level 1:colcon.colcon_core.package_identification:_identify(assets) by extension 'colcon_pkg'
[0.244s] Level 1:colcon.colcon_core.package_identification:_identify(assets) by extensions ['colcon_meta']
[0.244s] Level 1:colcon.colcon_core.package_identification:_identify(assets) by extension 'colcon_meta'
[0.244s] Level 1:colcon.colcon_core.package_identification:_identify(assets) by extensions ['ros']
[0.244s] Level 1:colcon.colcon_core.package_identification:_identify(assets) by extension 'ros'
[0.244s] Level 1:colcon.colcon_core.package_identification:_identify(assets) by extensions ['cmake', 'python']
[0.244s] Level 1:colcon.colcon_core.package_identification:_identify(assets) by extension 'cmake'
[0.244s] Level 1:colcon.colcon_core.package_identification:_identify(assets) by extension 'python'
[0.244s] Level 1:colcon.colcon_core.package_identification:_identify(assets) by extensions ['python_setup_py']
[0.244s] Level 1:colcon.colcon_core.package_identification:_identify(assets) by extension 'python_setup_py'
[0.245s] Level 1:colcon.colcon_core.package_identification:_identify(assets/usb_port) by extensions ['ignore', 'ignore_ament_install']
[0.245s] Level 1:colcon.colcon_core.package_identification:_identify(assets/usb_port) by extension 'ignore'
[0.245s] Level 1:colcon.colcon_core.package_identification:_identify(assets/usb_port) by extension 'ignore_ament_install'
[0.245s] Level 1:colcon.colcon_core.package_identification:_identify(assets/usb_port) by extensions ['colcon_pkg']
[0.245s] Level 1:colcon.colcon_core.package_identification:_identify(assets/usb_port) by extension 'colcon_pkg'
[0.245s] Level 1:colcon.colcon_core.package_identification:_identify(assets/usb_port) by extensions ['colcon_meta']
[0.245s] Level 1:colcon.colcon_core.package_identification:_identify(assets/usb_port) by extension 'colcon_meta'
[0.245s] Level 1:colcon.colcon_core.package_identification:_identify(assets/usb_port) by extensions ['ros']
[0.245s] Level 1:colcon.colcon_core.package_identification:_identify(assets/usb_port) by extension 'ros'
[0.245s] Level 1:colcon.colcon_core.package_identification:_identify(assets/usb_port) by extensions ['cmake', 'python']
[0.245s] Level 1:colcon.colcon_core.package_identification:_identify(assets/usb_port) by extension 'cmake'
[0.245s] Level 1:colcon.colcon_core.package_identification:_identify(assets/usb_port) by extension 'python'
[0.245s] Level 1:colcon.colcon_core.package_identification:_identify(assets/usb_port) by extensions ['python_setup_py']
[0.245s] Level 1:colcon.colcon_core.package_identification:_identify(assets/usb_port) by extension 'python_setup_py'
[0.245s] Level 1:colcon.colcon_core.package_identification:_identify(assets/usb_stick) by extensions ['ignore', 'ignore_ament_install']
[0.245s] Level 1:colcon.colcon_core.package_identification:_identify(assets/usb_stick) by extension 'ignore'
[0.245s] Level 1:colcon.colcon_core.package_identification:_identify(assets/usb_stick) by extension 'ignore_ament_install'
[0.245s] Level 1:colcon.colcon_core.package_identification:_identify(assets/usb_stick) by extensions ['colcon_pkg']
[0.245s] Level 1:colcon.colcon_core.package_identification:_identify(assets/usb_stick) by extension 'colcon_pkg'
[0.245s] Level 1:colcon.colcon_core.package_identification:_identify(assets/usb_stick) by extensions ['colcon_meta']
[0.245s] Level 1:colcon.colcon_core.package_identification:_identify(assets/usb_stick) by extension 'colcon_meta'
[0.245s] Level 1:colcon.colcon_core.package_identification:_identify(assets/usb_stick) by extensions ['ros']
[0.245s] Level 1:colcon.colcon_core.package_identification:_identify(assets/usb_stick) by extension 'ros'
[0.245s] Level 1:colcon.colcon_core.package_identification:_identify(assets/usb_stick) by extensions ['cmake', 'python']
[0.245s] Level 1:colcon.colcon_core.package_identification:_identify(assets/usb_stick) by extension 'cmake'
[0.245s] Level 1:colcon.colcon_core.package_identification:_identify(assets/usb_stick) by extension 'python'
[0.245s] Level 1:colcon.colcon_core.package_identification:_identify(assets/usb_stick) by extensions ['python_setup_py']
[0.245s] Level 1:colcon.colcon_core.package_identification:_identify(assets/usb_stick) by extension 'python_setup_py'
[0.245s] Level 1:colcon.colcon_core.package_identification:_identify(build) by extensions ['ignore', 'ignore_ament_install']
[0.245s] Level 1:colcon.colcon_core.package_identification:_identify(build) by extension 'ignore'
[0.245s] Level 1:colcon.colcon_core.package_identification:_identify(build) ignored
[0.245s] Level 1:colcon.colcon_core.package_identification:_identify(docker) by extensions ['ignore', 'ignore_ament_install']
[0.245s] Level 1:colcon.colcon_core.package_identification:_identify(docker) by extension 'ignore'
[0.245s] Level 1:colcon.colcon_core.package_identification:_identify(docker) by extension 'ignore_ament_install'
[0.245s] Level 1:colcon.colcon_core.package_identification:_identify(docker) by extensions ['colcon_pkg']
[0.245s] Level 1:colcon.colcon_core.package_identification:_identify(docker) by extension 'colcon_pkg'
[0.245s] Level 1:colcon.colcon_core.package_identification:_identify(docker) by extensions ['colcon_meta']
[0.245s] Level 1:colcon.colcon_core.package_identification:_identify(docker) by extension 'colcon_meta'
[0.245s] Level 1:colcon.colcon_core.package_identification:_identify(docker) by extensions ['ros']
[0.245s] Level 1:colcon.colcon_core.package_identification:_identify(docker) by extension 'ros'
[0.245s] Level 1:colcon.colcon_core.package_identification:_identify(docker) by extensions ['cmake', 'python']
[0.245s] Level 1:colcon.colcon_core.package_identification:_identify(docker) by extension 'cmake'
[0.245s] Level 1:colcon.colcon_core.package_identification:_identify(docker) by extension 'python'
[0.245s] Level 1:colcon.colcon_core.package_identification:_identify(docker) by extensions ['python_setup_py']
[0.245s] Level 1:colcon.colcon_core.package_identification:_identify(docker) by extension 'python_setup_py'
[0.245s] Level 1:colcon.colcon_core.package_identification:_identify(install) by extensions ['ignore', 'ignore_ament_install']
[0.246s] Level 1:colcon.colcon_core.package_identification:_identify(install) by extension 'ignore'
[0.246s] Level 1:colcon.colcon_core.package_identification:_identify(install) ignored
[0.246s] Level 1:colcon.colcon_core.package_identification:_identify(log) by extensions ['ignore', 'ignore_ament_install']
[0.246s] Level 1:colcon.colcon_core.package_identification:_identify(log) by extension 'ignore'
[0.246s] Level 1:colcon.colcon_core.package_identification:_identify(log) ignored
[0.246s] Level 1:colcon.colcon_core.package_identification:_identify(scripts) by extensions ['ignore', 'ignore_ament_install']
[0.246s] Level 1:colcon.colcon_core.package_identification:_identify(scripts) by extension 'ignore'
[0.246s] Level 1:colcon.colcon_core.package_identification:_identify(scripts) by extension 'ignore_ament_install'
[0.246s] Level 1:colcon.colcon_core.package_identification:_identify(scripts) by extensions ['colcon_pkg']
[0.246s] Level 1:colcon.colcon_core.package_identification:_identify(scripts) by extension 'colcon_pkg'
[0.246s] Level 1:colcon.colcon_core.package_identification:_identify(scripts) by extensions ['colcon_meta']
[0.246s] Level 1:colcon.colcon_core.package_identification:_identify(scripts) by extension 'colcon_meta'
[0.246s] Level 1:colcon.colcon_core.package_identification:_identify(scripts) by extensions ['ros']
[0.246s] Level 1:colcon.colcon_core.package_identification:_identify(scripts) by extension 'ros'
[0.246s] Level 1:colcon.colcon_core.package_identification:_identify(scripts) by extensions ['cmake', 'python']
[0.246s] Level 1:colcon.colcon_core.package_identification:_identify(scripts) by extension 'cmake'
[0.246s] Level 1:colcon.colcon_core.package_identification:_identify(scripts) by extension 'python'
[0.246s] Level 1:colcon.colcon_core.package_identification:_identify(scripts) by extensions ['python_setup_py']
[0.246s] Level 1:colcon.colcon_core.package_identification:_identify(scripts) by extension 'python_setup_py'
[0.246s] Level 1:colcon.colcon_core.package_identification:_identify(scripts/rsl_rl) by extensions ['ignore', 'ignore_ament_install']
[0.246s] Level 1:colcon.colcon_core.package_identification:_identify(scripts/rsl_rl) by extension 'ignore'
[0.246s] Level 1:colcon.colcon_core.package_identification:_identify(scripts/rsl_rl) by extension 'ignore_ament_install'
[0.246s] Level 1:colcon.colcon_core.package_identification:_identify(scripts/rsl_rl) by extensions ['colcon_pkg']
[0.246s] Level 1:colcon.colcon_core.package_identification:_identify(scripts/rsl_rl) by extension 'colcon_pkg'
[0.246s] Level 1:colcon.colcon_core.package_identification:_identify(scripts/rsl_rl) by extensions ['colcon_meta']
[0.246s] Level 1:colcon.colcon_core.package_identification:_identify(scripts/rsl_rl) by extension 'colcon_meta'
[0.246s] Level 1:colcon.colcon_core.package_identification:_identify(scripts/rsl_rl) by extensions ['ros']
[0.246s] Level 1:colcon.colcon_core.package_identification:_identify(scripts/rsl_rl) by extension 'ros'
[0.246s] Level 1:colcon.colcon_core.package_identification:_identify(scripts/rsl_rl) by extensions ['cmake', 'python']
[0.246s] Level 1:colcon.colcon_core.package_identification:_identify(scripts/rsl_rl) by extension 'cmake'
[0.246s] Level 1:colcon.colcon_core.package_identification:_identify(scripts/rsl_rl) by extension 'python'
[0.246s] Level 1:colcon.colcon_core.package_identification:_identify(scripts/rsl_rl) by extensions ['python_setup_py']
[0.246s] Level 1:colcon.colcon_core.package_identification:_identify(scripts/rsl_rl) by extension 'python_setup_py'
[0.246s] Level 1:colcon.colcon_core.package_identification:_identify(source) by extensions ['ignore', 'ignore_ament_install']
[0.246s] Level 1:colcon.colcon_core.package_identification:_identify(source) by extension 'ignore'
[0.246s] Level 1:colcon.colcon_core.package_identification:_identify(source) by extension 'ignore_ament_install'
[0.246s] Level 1:colcon.colcon_core.package_identification:_identify(source) by extensions ['colcon_pkg']
[0.246s] Level 1:colcon.colcon_core.package_identification:_identify(source) by extension 'colcon_pkg'
[0.246s] Level 1:colcon.colcon_core.package_identification:_identify(source) by extensions ['colcon_meta']
[0.246s] Level 1:colcon.colcon_core.package_identification:_identify(source) by extension 'colcon_meta'
[0.246s] Level 1:colcon.colcon_core.package_identification:_identify(source) by extensions ['ros']
[0.246s] Level 1:colcon.colcon_core.package_identification:_identify(source) by extension 'ros'
[0.246s] Level 1:colcon.colcon_core.package_identification:_identify(source) by extensions ['cmake', 'python']
[0.246s] Level 1:colcon.colcon_core.package_identification:_identify(source) by extension 'cmake'
[0.246s] Level 1:colcon.colcon_core.package_identification:_identify(source) by extension 'python'
[0.246s] Level 1:colcon.colcon_core.package_identification:_identify(source) by extensions ['python_setup_py']
[0.246s] Level 1:colcon.colcon_core.package_identification:_identify(source) by extension 'python_setup_py'
[0.247s] Level 1:colcon.colcon_core.package_identification:_identify(source/peg_in_hole) by extensions ['ignore', 'ignore_ament_install']
[0.247s] Level 1:colcon.colcon_core.package_identification:_identify(source/peg_in_hole) by extension 'ignore'
[0.247s] Level 1:colcon.colcon_core.package_identification:_identify(source/peg_in_hole) by extension 'ignore_ament_install'
[0.247s] Level 1:colcon.colcon_core.package_identification:_identify(source/peg_in_hole) by extensions ['colcon_pkg']
[0.247s] Level 1:colcon.colcon_core.package_identification:_identify(source/peg_in_hole) by extension 'colcon_pkg'
[0.247s] Level 1:colcon.colcon_core.package_identification:_identify(source/peg_in_hole) by extensions ['colcon_meta']
[0.247s] Level 1:colcon.colcon_core.package_identification:_identify(source/peg_in_hole) by extension 'colcon_meta'
[0.247s] Level 1:colcon.colcon_core.package_identification:_identify(source/peg_in_hole) by extensions ['ros']
[0.247s] Level 1:colcon.colcon_core.package_identification:_identify(source/peg_in_hole) by extension 'ros'
[0.247s] Level 1:colcon.colcon_core.package_identification:_identify(source/peg_in_hole) by extensions ['cmake', 'python']
[0.247s] Level 1:colcon.colcon_core.package_identification:_identify(source/peg_in_hole) by extension 'cmake'
[0.247s] Level 1:colcon.colcon_core.package_identification:_identify(source/peg_in_hole) by extension 'python'
[0.247s] Level 1:colcon.colcon_core.package_identification:_identify(source/peg_in_hole) by extensions ['python_setup_py']
[0.247s] Level 1:colcon.colcon_core.package_identification:_identify(source/peg_in_hole) by extension 'python_setup_py'
[0.388s] DEBUG:colcon.colcon_core.package_identification:Package 'source/peg_in_hole' with type 'python' and name 'peg_in_hole'
[0.388s] Level 1:colcon.colcon_core.package_identification:_identify(source/standalone) by extensions ['ignore', 'ignore_ament_install']
[0.388s] Level 1:colcon.colcon_core.package_identification:_identify(source/standalone) by extension 'ignore'
[0.388s] Level 1:colcon.colcon_core.package_identification:_identify(source/standalone) by extension 'ignore_ament_install'
[0.389s] Level 1:colcon.colcon_core.package_identification:_identify(source/standalone) by extensions ['colcon_pkg']
[0.389s] Level 1:colcon.colcon_core.package_identification:_identify(source/standalone) by extension 'colcon_pkg'
[0.389s] Level 1:colcon.colcon_core.package_identification:_identify(source/standalone) by extensions ['colcon_meta']
[0.389s] Level 1:colcon.colcon_core.package_identification:_identify(source/standalone) by extension 'colcon_meta'
[0.389s] Level 1:colcon.colcon_core.package_identification:_identify(source/standalone) by extensions ['ros']
[0.389s] Level 1:colcon.colcon_core.package_identification:_identify(source/standalone) by extension 'ros'
[0.389s] Level 1:colcon.colcon_core.package_identification:_identify(source/standalone) by extensions ['cmake', 'python']
[0.389s] Level 1:colcon.colcon_core.package_identification:_identify(source/standalone) by extension 'cmake'
[0.389s] Level 1:colcon.colcon_core.package_identification:_identify(source/standalone) by extension 'python'
[0.389s] Level 1:colcon.colcon_core.package_identification:_identify(source/standalone) by extensions ['python_setup_py']
[0.389s] Level 1:colcon.colcon_core.package_identification:_identify(source/standalone) by extension 'python_setup_py'
[0.389s] Level 1:colcon.colcon_core.package_discovery:discover_packages(recursive) using defaults
[0.389s] Level 1:colcon.colcon_core.package_discovery:discover_packages(ignore) discover
[0.389s] Level 1:colcon.colcon_core.package_discovery:discover_packages(ignore) using defaults
[0.389s] Level 1:colcon.colcon_core.package_discovery:discover_packages(path) discover
[0.389s] Level 1:colcon.colcon_core.package_discovery:discover_packages(path) using defaults
[0.404s] Level 1:colcon.colcon_core.package_discovery:discover_packages(prefix_path) check parameters
[0.404s] Level 1:colcon.colcon_core.package_discovery:discover_packages(prefix_path) discover
[0.407s] DEBUG:colcon.colcon_installed_package_information.package_discovery:Found 272 installed packages in /opt/ros/humble
[0.407s] Level 1:colcon.colcon_core.package_discovery:discover_packages(prefix_path) using defaults
[0.434s] Level 5:colcon.colcon_core.verb:set package 'peg_in_hole' build argument 'cmake_args' from command line to 'None'
[0.434s] Level 5:colcon.colcon_core.verb:set package 'peg_in_hole' build argument 'cmake_target' from command line to 'None'
[0.434s] Level 5:colcon.colcon_core.verb:set package 'peg_in_hole' build argument 'cmake_target_skip_unavailable' from command line to 'False'
[0.434s] Level 5:colcon.colcon_core.verb:set package 'peg_in_hole' build argument 'cmake_clean_cache' from command line to 'False'
[0.434s] Level 5:colcon.colcon_core.verb:set package 'peg_in_hole' build argument 'cmake_clean_first' from command line to 'False'
[0.434s] Level 5:colcon.colcon_core.verb:set package 'peg_in_hole' build argument 'cmake_force_configure' from command line to 'False'
[0.434s] Level 5:colcon.colcon_core.verb:set package 'peg_in_hole' build argument 'ament_cmake_args' from command line to 'None'
[0.434s] Level 5:colcon.colcon_core.verb:set package 'peg_in_hole' build argument 'catkin_cmake_args' from command line to 'None'
[0.434s] Level 5:colcon.colcon_core.verb:set package 'peg_in_hole' build argument 'catkin_skip_building_tests' from command line to 'False'
[0.434s] DEBUG:colcon.colcon_core.verb:Building package 'peg_in_hole' with the following arguments: {'ament_cmake_args': None, 'build_base': '/home/jmx001/my_program/my_robot_project/build/peg_in_hole', 'catkin_cmake_args': None, 'catkin_skip_building_tests': False, 'cmake_args': None, 'cmake_clean_cache': False, 'cmake_clean_first': False, 'cmake_force_configure': False, 'cmake_target': None, 'cmake_target_skip_unavailable': False, 'install_base': '/home/jmx001/my_program/my_robot_project/install/peg_in_hole', 'merge_install': False, 'path': '/home/jmx001/my_program/my_robot_project/source/peg_in_hole', 'symlink_install': False, 'test_result_base': None}
[0.434s] INFO:colcon.colcon_core.executor:Executing jobs using 'parallel' executor
[0.434s] DEBUG:colcon.colcon_parallel_executor.executor.parallel:run_until_complete
[0.435s] INFO:colcon.colcon_core.task.python.build:Building Python package in '/home/jmx001/my_program/my_robot_project/source/peg_in_hole'
[0.436s] INFO:colcon.colcon_core.plugin_system:Skipping extension 'colcon_core.shell.bat': Not used on non-Windows systems
[0.437s] INFO:colcon.colcon_core.shell:Skip shell extension 'powershell' for command environment: Not usable outside of PowerShell
[0.437s] DEBUG:colcon.colcon_core.shell:Skip shell extension 'dsv' for command environment
[0.778s] DEBUG:colcon.colcon_core.event_handler.log_command:Invoking command in '/home/jmx001/my_program/my_robot_project/source/peg_in_hole': CONDA_PROMPT_MODIFIER=(base) PYTHONPATH=/home/jmx001/my_program/my_robot_project/build/peg_in_hole/prefix_override:/usr/lib/python3/dist-packages/colcon_core/task/python/colcon_distutils_commands:/home/jmx001/my_program/my_robot_project/install/peg_in_hole/lib/python3.10/site-packages:${PYTHONPATH} /usr/bin/python3 -W ignore:setup.py install is deprecated -W ignore:easy_install command is deprecated setup.py egg_info --egg-base ../../build/peg_in_hole build --build-base /home/jmx001/my_program/my_robot_project/build/peg_in_hole/build install --record /home/jmx001/my_program/my_robot_project/build/peg_in_hole/install.log --single-version-externally-managed
[0.937s] DEBUG:colcon.colcon_core.event_handler.log_command:Invoked command in '/home/jmx001/my_program/my_robot_project/source/peg_in_hole' returned '0': CONDA_PROMPT_MODIFIER=(base) PYTHONPATH=/home/jmx001/my_program/my_robot_project/build/peg_in_hole/prefix_override:/usr/lib/python3/dist-packages/colcon_core/task/python/colcon_distutils_commands:/home/jmx001/my_program/my_robot_project/install/peg_in_hole/lib/python3.10/site-packages:${PYTHONPATH} /usr/bin/python3 -W ignore:setup.py install is deprecated -W ignore:easy_install command is deprecated setup.py egg_info --egg-base ../../build/peg_in_hole build --build-base /home/jmx001/my_program/my_robot_project/build/peg_in_hole/build install --record /home/jmx001/my_program/my_robot_project/build/peg_in_hole/install.log --single-version-externally-managed
[0.939s] Level 1:colcon.colcon_core.environment:checking '/home/jmx001/my_program/my_robot_project/install/peg_in_hole' for CMake module files
[0.939s] Level 1:colcon.colcon_core.environment:checking '/home/jmx001/my_program/my_robot_project/install/peg_in_hole' for CMake config files
[0.939s] Level 1:colcon.colcon_core.environment:checking '/home/jmx001/my_program/my_robot_project/install/peg_in_hole/lib'
[0.939s] Level 1:colcon.colcon_core.environment:checking '/home/jmx001/my_program/my_robot_project/install/peg_in_hole/bin'
[0.939s] Level 1:colcon.colcon_core.environment:checking '/home/jmx001/my_program/my_robot_project/install/peg_in_hole/lib/pkgconfig/peg_in_hole.pc'
[0.939s] Level 1:colcon.colcon_core.environment:checking '/home/jmx001/my_program/my_robot_project/install/peg_in_hole/lib/python3.10/site-packages'
[0.940s] Level 1:colcon.colcon_core.shell:create_environment_hook('peg_in_hole', 'pythonpath')
[0.940s] INFO:colcon.colcon_core.shell:Creating environment hook '/home/jmx001/my_program/my_robot_project/install/peg_in_hole/share/peg_in_hole/hook/pythonpath.ps1'
[0.940s] INFO:colcon.colcon_core.shell:Creating environment descriptor '/home/jmx001/my_program/my_robot_project/install/peg_in_hole/share/peg_in_hole/hook/pythonpath.dsv'
[0.941s] INFO:colcon.colcon_core.shell:Creating environment hook '/home/jmx001/my_program/my_robot_project/install/peg_in_hole/share/peg_in_hole/hook/pythonpath.sh'
[0.941s] Level 1:colcon.colcon_core.environment:checking '/home/jmx001/my_program/my_robot_project/install/peg_in_hole/bin'
[0.941s] Level 1:colcon.colcon_core.environment:create_environment_scripts_only(peg_in_hole)
[0.941s] INFO:colcon.colcon_core.shell:Creating package script '/home/jmx001/my_program/my_robot_project/install/peg_in_hole/share/peg_in_hole/package.ps1'
[0.942s] INFO:colcon.colcon_core.shell:Creating package descriptor '/home/jmx001/my_program/my_robot_project/install/peg_in_hole/share/peg_in_hole/package.dsv'
[0.942s] INFO:colcon.colcon_core.shell:Creating package script '/home/jmx001/my_program/my_robot_project/install/peg_in_hole/share/peg_in_hole/package.sh'
[0.942s] INFO:colcon.colcon_core.shell:Creating package script '/home/jmx001/my_program/my_robot_project/install/peg_in_hole/share/peg_in_hole/package.bash'
[0.943s] INFO:colcon.colcon_core.shell:Creating package script '/home/jmx001/my_program/my_robot_project/install/peg_in_hole/share/peg_in_hole/package.zsh'
[0.943s] Level 1:colcon.colcon_core.environment:create_file_with_runtime_dependencies(/home/jmx001/my_program/my_robot_project/install/peg_in_hole/share/colcon-core/packages/peg_in_hole)
[0.944s] DEBUG:colcon.colcon_parallel_executor.executor.parallel:closing loop
[0.944s] DEBUG:colcon.colcon_parallel_executor.executor.parallel:loop closed
[0.944s] DEBUG:colcon.colcon_parallel_executor.executor.parallel:run_until_complete finished with '0'
[0.944s] DEBUG:colcon.colcon_core.event_reactor:joining thread
[0.947s] INFO:colcon.colcon_core.plugin_system:Skipping extension 'colcon_notification.desktop_notification.terminal_notifier': Not used on non-Darwin systems
[0.947s] INFO:colcon.colcon_core.plugin_system:Skipping extension 'colcon_notification.desktop_notification.win32': Not used on non-Windows systems
[0.947s] INFO:colcon.colcon_notification.desktop_notification:Sending desktop notification using 'notify2'
[0.965s] DEBUG:colcon.colcon_core.event_reactor:joined thread
[0.966s] INFO:colcon.colcon_core.shell:Creating prefix script '/home/jmx001/my_program/my_robot_project/install/local_setup.ps1'
[0.966s] INFO:colcon.colcon_core.shell:Creating prefix util module '/home/jmx001/my_program/my_robot_project/install/_local_setup_util_ps1.py'
[0.967s] INFO:colcon.colcon_core.shell:Creating prefix chain script '/home/jmx001/my_program/my_robot_project/install/setup.ps1'
[0.968s] INFO:colcon.colcon_core.shell:Creating prefix script '/home/jmx001/my_program/my_robot_project/install/local_setup.sh'
[0.968s] INFO:colcon.colcon_core.shell:Creating prefix util module '/home/jmx001/my_program/my_robot_project/install/_local_setup_util_sh.py'
[0.968s] INFO:colcon.colcon_core.shell:Creating prefix chain script '/home/jmx001/my_program/my_robot_project/install/setup.sh'
[0.969s] INFO:colcon.colcon_core.shell:Creating prefix script '/home/jmx001/my_program/my_robot_project/install/local_setup.bash'
[0.969s] INFO:colcon.colcon_core.shell:Creating prefix chain script '/home/jmx001/my_program/my_robot_project/install/setup.bash'
[0.969s] INFO:colcon.colcon_core.shell:Creating prefix script '/home/jmx001/my_program/my_robot_project/install/local_setup.zsh'
[0.970s] INFO:colcon.colcon_core.shell:Creating prefix chain script '/home/jmx001/my_program/my_robot_project/install/setup.zsh'
